# JRE version: Java(TM) SE Runtime Environment (23.0.2+7) (build 23.0.2+7-58)
# Java VM: Java HotSpot(TM) 64-Bit Server VM (23.0.2+7-58, mixed mode, sharing, tiered, compressed oops, compressed class ptrs, g1 gc, windows-amd64)
GC Precious Log:
 CardTable entry size: 512
 Card Set container configuration: InlinePtr #cards 5 size 8 Array Of Cards #cards 10 size 36 Howl #buckets 4 coarsen threshold 1843 Howl Bitmap #cards 512 size 80 coarsen threshold 460 Card regions per heap region 1 cards per card region 2048
 CPUs: 12 total, 12 available
 Memory: 7489M
 Large Page Support: Disabled
 NUMA Support: Disabled
 Compressed Oops: Enabled (32-bit)
 Heap Region Size: 1M
 Heap Min Capacity: 8M
 Heap Initial Capacity: 118M
 Heap Max Capacity: 2G
 Pre-touch: Disabled
 Parallel Workers: 10
 Concurrent Workers: 3
 Concurrent Refinement Workers: 10
 Periodic GC: Disabled
Heap:
 garbage-first heap   total reserved 2097152K, committed 110592K, used 97659K [0x0000000080000000, 0x0000000100000000)
  region size 1024K, 56 young (57344K), 7 survivors (7168K)
 Metaspace       used 57147K, committed 58560K, reserved 1114112K
  class space    used 8411K, committed 9088K, reserved 1048576K
GC Heap History (20 events):
Event: 15.921 GC heap after
{Heap after GC invocations=4 (full 0):
 garbage-first heap   total reserved 2097152K, committed 120832K, used 21640K [0x0000000080000000, 0x0000000100000000)
  region size 1024K, 7 young (7168K), 7 survivors (7168K)
 Metaspace       used 13215K, committed 13568K, reserved 1114112K
  class space    used 1802K, committed 1984K, reserved 1048576K
}
Event: 31.102 GC heap before
{Heap before GC invocations=4 (full 0):
 garbage-first heap   total reserved 2097152K, committed 120832K, used 62600K [0x0000000080000000, 0x0000000100000000)
  region size 1024K, 47 young (48128K), 7 survivors (7168K)
 Metaspace       used 19080K, committed 19776K, reserved 1114112K
  class space    used 2791K, committed 3136K, reserved 1048576K
}
Event: 31.199 GC heap after
{Heap after GC invocations=5 (full 0):
 garbage-first heap   total reserved 2097152K, committed 120832K, used 24527K [0x0000000080000000, 0x0000000100000000)
  region size 1024K, 3 young (3072K), 3 survivors (3072K)
 Metaspace       used 19080K, committed 19776K, reserved 1114112K
  class space    used 2791K, committed 3136K, reserved 1048576K
}
Event: 32.071 GC heap before
{Heap before GC invocations=5 (full 0):
 garbage-first heap   total reserved 2097152K, committed 120832K, used 38863K [0x0000000080000000, 0x0000000100000000)
  region size 1024K, 18 young (18432K), 3 survivors (3072K)
 Metaspace       used 20770K, committed 21504K, reserved 1114112K
  class space    used 3082K, committed 3456K, reserved 1048576K
}
Event: 32.078 GC heap after
{Heap after GC invocations=6 (full 0):
 garbage-first heap   total reserved 2097152K, committed 120832K, used 25378K [0x0000000080000000, 0x0000000100000000)
  region size 1024K, 4 young (4096K), 4 survivors (4096K)
 Metaspace       used 20770K, committed 21504K, reserved 1114112K
  class space    used 3082K, committed 3456K, reserved 1048576K
}
Event: 33.598 GC heap before
{Heap before GC invocations=7 (full 0):
 garbage-first heap   total reserved 2097152K, committed 86016K, used 72482K [0x0000000080000000, 0x0000000100000000)
  region size 1024K, 50 young (51200K), 4 survivors (4096K)
 Metaspace       used 26502K, committed 27520K, reserved 1114112K
  class space    used 4072K, committed 4544K, reserved 1048576K
}
Event: 33.604 GC heap after
{Heap after GC invocations=8 (full 0):
 garbage-first heap   total reserved 2097152K, committed 86016K, used 27797K [0x0000000080000000, 0x0000000100000000)
  region size 1024K, 7 young (7168K), 7 survivors (7168K)
 Metaspace       used 26502K, committed 27520K, reserved 1114112K
  class space    used 4072K, committed 4544K, reserved 1048576K
}
Event: 34.812 GC heap before
{Heap before GC invocations=8 (full 0):
 garbage-first heap   total reserved 2097152K, committed 86016K, used 67733K [0x0000000080000000, 0x0000000100000000)
  region size 1024K, 47 young (48128K), 7 survivors (7168K)
 Metaspace       used 34116K, committed 35392K, reserved 1114112K
  class space    used 5028K, committed 5632K, reserved 1048576K
}
Event: 34.822 GC heap after
{Heap after GC invocations=9 (full 0):
 garbage-first heap   total reserved 2097152K, committed 86016K, used 31249K [0x0000000080000000, 0x0000000100000000)
  region size 1024K, 6 young (6144K), 6 survivors (6144K)
 Metaspace       used 34116K, committed 35392K, reserved 1114112K
  class space    used 5028K, committed 5632K, reserved 1048576K
}
Event: 35.047 GC heap before
{Heap before GC invocations=9 (full 0):
 garbage-first heap   total reserved 2097152K, committed 86016K, used 53777K [0x0000000080000000, 0x0000000100000000)
  region size 1024K, 29 young (29696K), 6 survivors (6144K)
 Metaspace       used 34706K, committed 35968K, reserved 1114112K
  class space    used 5096K, committed 5696K, reserved 1048576K
}
Event: 35.054 GC heap after
{Heap after GC invocations=10 (full 0):
 garbage-first heap   total reserved 2097152K, committed 86016K, used 34700K [0x0000000080000000, 0x0000000100000000)
  region size 1024K, 3 young (3072K), 3 survivors (3072K)
 Metaspace       used 34706K, committed 35968K, reserved 1114112K
  class space    used 5096K, committed 5696K, reserved 1048576K
}
Event: 35.715 GC heap before
{Heap before GC invocations=11 (full 0):
 garbage-first heap   total reserved 2097152K, committed 86016K, used 69516K [0x0000000080000000, 0x0000000100000000)
  region size 1024K, 37 young (37888K), 3 survivors (3072K)
 Metaspace       used 36237K, committed 37632K, reserved 1114112K
  class space    used 5364K, committed 6016K, reserved 1048576K
}
Event: 35.718 GC heap after
{Heap after GC invocations=12 (full 0):
 garbage-first heap   total reserved 2097152K, committed 86016K, used 35956K [0x0000000080000000, 0x0000000100000000)
  region size 1024K, 4 young (4096K), 4 survivors (4096K)
 Metaspace       used 36237K, committed 37632K, reserved 1114112K
  class space    used 5364K, committed 6016K, reserved 1048576K
}
Event: 36.990 GC heap before
{Heap before GC invocations=12 (full 0):
 garbage-first heap   total reserved 2097152K, committed 86016K, used 72820K [0x0000000080000000, 0x0000000100000000)
  region size 1024K, 39 young (39936K), 4 survivors (4096K)
 Metaspace       used 42719K, committed 44032K, reserved 1114112K
  class space    used 6580K, committed 7168K, reserved 1048576K
}
Event: 37.005 GC heap after
{Heap after GC invocations=13 (full 0):
 garbage-first heap   total reserved 2097152K, committed 86016K, used 37130K [0x0000000080000000, 0x0000000100000000)
  region size 1024K, 4 young (4096K), 4 survivors (4096K)
 Metaspace       used 42719K, committed 44032K, reserved 1114112K
  class space    used 6580K, committed 7168K, reserved 1048576K
}
Event: 37.990 GC heap before
{Heap before GC invocations=13 (full 0):
 garbage-first heap   total reserved 2097152K, committed 86016K, used 72970K [0x0000000080000000, 0x0000000100000000)
  region size 1024K, 39 young (39936K), 4 survivors (4096K)
 Metaspace       used 47800K, committed 49216K, reserved 1114112K
  class space    used 7236K, committed 7936K, reserved 1048576K
}
Event: 37.994 GC heap after
{Heap after GC invocations=14 (full 0):
 garbage-first heap   total reserved 2097152K, committed 103424K, used 38242K [0x0000000080000000, 0x0000000100000000)
  region size 1024K, 3 young (3072K), 3 survivors (3072K)
 Metaspace       used 47800K, committed 49216K, reserved 1114112K
  class space    used 7236K, committed 7936K, reserved 1048576K
}
Event: 39.758 GC heap before
{Heap before GC invocations=14 (full 0):
 garbage-first heap   total reserved 2097152K, committed 103424K, used 94562K [0x0000000080000000, 0x0000000100000000)
  region size 1024K, 51 young (52224K), 3 survivors (3072K)
 Metaspace       used 55403K, committed 56832K, reserved 1114112K
  class space    used 8218K, committed 8896K, reserved 1048576K
}
Event: 39.763 GC heap after
{Heap after GC invocations=15 (full 0):
 garbage-first heap   total reserved 2097152K, committed 103424K, used 39291K [0x0000000080000000, 0x0000000100000000)
  region size 1024K, 4 young (4096K), 4 survivors (4096K)
 Metaspace       used 55403K, committed 56832K, reserved 1114112K
  class space    used 8218K, committed 8896K, reserved 1048576K
}
Event: 40.888 GC heap before
{Heap before GC invocations=15 (full 0):
 garbage-first heap   total reserved 2097152K, committed 103424K, used 97659K [0x0000000080000000, 0x0000000100000000)
  region size 1024K, 53 young (54272K), 4 survivors (4096K)
 Metaspace       used 57147K, committed 58560K, reserved 1114112K
  class space    used 8411K, committed 9088K, reserved 1048576K
}

